Logging to /home/nayaehyun/car-ppo/runs/pretrain_V_20250829_150946.log
nohup: 입력 무시
Traceback (most recent call last):
  File "/usr/lib/python3.8/runpy.py", line 194, in _run_module_as_main
    return _run_code(code, main_globals, None,
  File "/usr/lib/python3.8/runpy.py", line 87, in _run_code
    exec(code, run_globals)
  File "/home/nayaehyun/car-ppo/scripts/pretrain_V_from_npz.py", line 63, in <module>
    main()
  File "/home/nayaehyun/car-ppo/scripts/pretrain_V_from_npz.py", line 48, in main
    loss = WM.diffusion_reg_loss(z, t=5)
  File "/home/nayaehyun/car-ppo/src/model_G.py", line 7705, in diffusion_reg_loss
    return self.latent_diff.training_loss(z, t=t)
  File "/home/nayaehyun/car-ppo/src/model_G.py", line 7603, in training_loss
    x_hat, _, _ = self.diffusion(dvec, tvec)
  File "/home/nayaehyun/.local/lib/python3.8/site-packages/torch/nn/modules/module.py", line 1553, in _wrapped_call_impl
    return self._call_impl(*args, **kwargs)
  File "/home/nayaehyun/.local/lib/python3.8/site-packages/torch/nn/modules/module.py", line 1562, in _call_impl
    return forward_call(*args, **kwargs)
  File "/home/nayaehyun/car-ppo/src/model_G.py", line 3087, in forward
    t_emb = self.time_embed(t)
  File "/home/nayaehyun/.local/lib/python3.8/site-packages/torch/nn/modules/module.py", line 1553, in _wrapped_call_impl
    return self._call_impl(*args, **kwargs)
  File "/home/nayaehyun/.local/lib/python3.8/site-packages/torch/nn/modules/module.py", line 1562, in _call_impl
    return forward_call(*args, **kwargs)
  File "/home/nayaehyun/car-ppo/src/model_G.py", line 476, in forward
    emb = self.activation(self.fc1(emb))
  File "/home/nayaehyun/.local/lib/python3.8/site-packages/torch/nn/modules/module.py", line 1553, in _wrapped_call_impl
    return self._call_impl(*args, **kwargs)
  File "/home/nayaehyun/.local/lib/python3.8/site-packages/torch/nn/modules/module.py", line 1562, in _call_impl
    return forward_call(*args, **kwargs)
  File "/home/nayaehyun/.local/lib/python3.8/site-packages/torch/nn/modules/linear.py", line 117, in forward
    return F.linear(input, self.weight, self.bias)
RuntimeError: Expected all tensors to be on the same device, but found at least two devices, cuda:0 and cpu! (when checking argument for argument mat1 in method wrapper_CUDA_addmm)
