Using Python: /home/nayaehyun/car-ppo/.venv/bin/python
Logging to /home/nayaehyun/car-ppo/runs/pretrain_V_20250829_151339.log
nohup: 입력 무시
Traceback (most recent call last):
  File "/usr/lib/python3.8/runpy.py", line 194, in _run_module_as_main
    return _run_code(code, main_globals, None,
  File "/usr/lib/python3.8/runpy.py", line 87, in _run_code
    exec(code, run_globals)
  File "/home/nayaehyun/car-ppo/scripts/pretrain_V_from_npz.py", line 5, in <module>
    from src.model_G import WorldModelG  # encoder + LatentDiffusionAdapter 포함
  File "/home/nayaehyun/car-ppo/src/model_G.py", line 11, in <module>
    from neuralop.models import FNO
  File "/home/nayaehyun/car-ppo/.venv/lib/python3.8/site-packages/neuralop/__init__.py", line 3, in <module>
    from .models import TFNO3d, TFNO2d, TFNO1d, TFNO
  File "/home/nayaehyun/car-ppo/.venv/lib/python3.8/site-packages/neuralop/models/__init__.py", line 1, in <module>
    from .fno import TFNO, TFNO1d, TFNO2d, TFNO3d
  File "/home/nayaehyun/car-ppo/.venv/lib/python3.8/site-packages/neuralop/models/fno.py", line 7, in <module>
    from ..layers.spherical_convolution import SphericalConv
  File "/home/nayaehyun/car-ppo/.venv/lib/python3.8/site-packages/neuralop/layers/spherical_convolution.py", line 5, in <module>
    from torch_harmonics import RealSHT, InverseRealSHT
ModuleNotFoundError: No module named 'torch_harmonics'
